

============================== 2023-04-20 12:44:05.562596 | 55f438ab-c935-4d50-abda-7e09887bdf17 ==============================
[0m12:44:05.562596 [info ] [MainThread]: Running with dbt=1.4.5
[0m12:44:05.564596 [debug] [MainThread]: running dbt with arguments {'write_json': True, 'use_colors': True, 'printer_width': 80, 'version_check': True, 'partial_parse': True, 'static_parser': True, 'profiles_dir': 'C:\\Users\\NadimAbouChrouch\\.dbt', 'send_anonymous_usage_stats': True, 'quiet': False, 'no_print': False, 'cache_selected_only': False, 'skip_profile_setup': False, 'which': 'init', 'indirect_selection': 'eager'}
[0m12:44:05.565600 [debug] [MainThread]: Tracking: tracking
[0m12:44:05.590232 [debug] [MainThread]: Sending event: {'category': 'dbt', 'action': 'invocation', 'label': 'start', 'context': [<snowplow_tracker.self_describing_json.SelfDescribingJson object at 0x00000216B9BDA6A0>, <snowplow_tracker.self_describing_json.SelfDescribingJson object at 0x00000216C02929D0>, <snowplow_tracker.self_describing_json.SelfDescribingJson object at 0x00000216C025EA60>]}
[0m12:44:09.945974 [debug] [MainThread]: Starter project path: C:\Users\NadimAbouChrouch\anaconda3\envs\dbt-snowflake\lib\site-packages\dbt\include\starter_project
[0m12:45:54.927005 [info ] [MainThread]: Profile demohub written to C:\Users\NadimAbouChrouch\.dbt\profiles.yml using target's profile_template.yml and your supplied values. Run 'dbt debug' to validate the connection.
[0m12:45:54.928007 [info ] [MainThread]: 
Your new dbt project "demohub" was created!

For more information on how to configure the profiles.yml file,
please consult the dbt documentation here:

  https://docs.getdbt.com/docs/configure-your-profile

One more thing:

Need help? Don't hesitate to reach out to us via GitHub issues or on Slack:

  https://community.getdbt.com/

Happy modeling!

[0m12:45:54.931006 [debug] [MainThread]: Sending event: {'category': 'dbt', 'action': 'invocation', 'label': 'end', 'context': [<snowplow_tracker.self_describing_json.SelfDescribingJson object at 0x00000216B9BDA6A0>, <snowplow_tracker.self_describing_json.SelfDescribingJson object at 0x00000216C0266FA0>, <snowplow_tracker.self_describing_json.SelfDescribingJson object at 0x00000216C028E550>]}
[0m12:45:54.931006 [debug] [MainThread]: Flushing usage events
[0m12:45:55.106252 [debug] [MainThread]: Error sending anonymous usage statistics. Disabling tracking for this execution. If you wish to permanently disable tracking, see: https://docs.getdbt.com/reference/global-configs#send-anonymous-usage-stats.


============================== 2023-04-24 13:09:33.497163 | 6cc1872a-6a27-4adb-84a9-0d0aab2d532c ==============================
[0m13:09:33.497163 [info ] [MainThread]: Running with dbt=1.4.6
[0m13:09:33.507341 [debug] [MainThread]: running dbt with arguments {'write_json': True, 'use_colors': True, 'printer_width': 80, 'version_check': True, 'partial_parse': True, 'static_parser': True, 'profiles_dir': 'C:\\Users\\NadimAbouChrouch\\.dbt', 'send_anonymous_usage_stats': True, 'quiet': False, 'no_print': False, 'cache_selected_only': False, 'skip_profile_setup': False, 'which': 'init', 'indirect_selection': 'eager'}
[0m13:09:33.509354 [debug] [MainThread]: Tracking: tracking
[0m13:09:33.538080 [debug] [MainThread]: Sending event: {'category': 'dbt', 'action': 'invocation', 'label': 'start', 'context': [<snowplow_tracker.self_describing_json.SelfDescribingJson object at 0x000002B43102A3A0>, <snowplow_tracker.self_describing_json.SelfDescribingJson object at 0x000002B43102A9D0>, <snowplow_tracker.self_describing_json.SelfDescribingJson object at 0x000002B43102A700>]}
[0m13:09:43.112106 [debug] [MainThread]: Starter project path: C:\Users\NadimAbouChrouch\anaconda3\envs\dbt-snowflake\lib\site-packages\dbt\include\starter_project
[0m13:11:34.327342 [info ] [MainThread]: Profile NadimTest written to C:\Users\NadimAbouChrouch\.dbt\profiles.yml using target's profile_template.yml and your supplied values. Run 'dbt debug' to validate the connection.
[0m13:11:34.328342 [info ] [MainThread]: 
Your new dbt project "NadimTest" was created!

For more information on how to configure the profiles.yml file,
please consult the dbt documentation here:

  https://docs.getdbt.com/docs/configure-your-profile

One more thing:

Need help? Don't hesitate to reach out to us via GitHub issues or on Slack:

  https://community.getdbt.com/

Happy modeling!

[0m13:11:34.331341 [debug] [MainThread]: Sending event: {'category': 'dbt', 'action': 'invocation', 'label': 'end', 'context': [<snowplow_tracker.self_describing_json.SelfDescribingJson object at 0x000002B43102A340>, <snowplow_tracker.self_describing_json.SelfDescribingJson object at 0x000002B431029C70>, <snowplow_tracker.self_describing_json.SelfDescribingJson object at 0x000002B431029A30>]}
[0m13:11:34.332340 [debug] [MainThread]: Flushing usage events


============================== 2023-05-02 11:55:49.631417 | d5de3395-e33a-4315-ae15-c2e465dc1a39 ==============================
[0m11:55:49.631417 [info ] [MainThread]: Running with dbt=1.4.6
[0m11:55:49.633416 [debug] [MainThread]: running dbt with arguments {'write_json': True, 'use_colors': True, 'printer_width': 80, 'version_check': True, 'partial_parse': True, 'static_parser': True, 'profiles_dir': 'C:\\Users\\NadimAbouChrouch\\.dbt', 'send_anonymous_usage_stats': True, 'quiet': False, 'no_print': False, 'cache_selected_only': False, 'skip_profile_setup': False, 'which': 'init', 'indirect_selection': 'eager'}
[0m11:55:49.634416 [debug] [MainThread]: Tracking: tracking
[0m11:55:49.668622 [debug] [MainThread]: Sending event: {'category': 'dbt', 'action': 'invocation', 'label': 'start', 'context': [<snowplow_tracker.self_describing_json.SelfDescribingJson object at 0x00000182B451D910>, <snowplow_tracker.self_describing_json.SelfDescribingJson object at 0x00000182B453E550>, <snowplow_tracker.self_describing_json.SelfDescribingJson object at 0x00000182B453E580>]}
[0m11:56:10.139817 [debug] [MainThread]: Starter project path: C:\Users\NadimAbouChrouch\anaconda3\envs\dbt-snowflake\lib\site-packages\dbt\include\starter_project
[0m11:58:39.956373 [info ] [MainThread]: Profile NYC_dbt written to C:\Users\NadimAbouChrouch\.dbt\profiles.yml using target's profile_template.yml and your supplied values. Run 'dbt debug' to validate the connection.
[0m11:58:39.958969 [info ] [MainThread]: 
Your new dbt project "NYC_dbt" was created!

For more information on how to configure the profiles.yml file,
please consult the dbt documentation here:

  https://docs.getdbt.com/docs/configure-your-profile

One more thing:

Need help? Don't hesitate to reach out to us via GitHub issues or on Slack:

  https://community.getdbt.com/

Happy modeling!

[0m11:58:39.964638 [debug] [MainThread]: Sending event: {'category': 'dbt', 'action': 'invocation', 'label': 'end', 'context': [<snowplow_tracker.self_describing_json.SelfDescribingJson object at 0x00000182B45282E0>, <snowplow_tracker.self_describing_json.SelfDescribingJson object at 0x00000182B454C670>, <snowplow_tracker.self_describing_json.SelfDescribingJson object at 0x00000182B454C4F0>]}
[0m11:58:39.965714 [debug] [MainThread]: Flushing usage events
